Creating Daemon process for: trans
Yes it does.
removing /opt/proc/trans*
Creating Daemon process for: trans
Yes it does.
removing /opt/proc/trans*
Creating Daemon process for: trans
Yes it does.
removing /opt/proc/trans*
Creating Daemon process for: trans
Yes it does.
removing /opt/proc/trans*
Creating Daemon process for: trans
Yes it does.
removing /opt/proc/trans*
Creating Daemon process for: trans
Yes it does.
removing /opt/proc/trans*
Creating Daemon process for: trans
Yes it does.
removing /opt/proc/trans*
Creating Daemon process for: trans
Yes it does.
removing /opt/proc/trans*
Creating Daemon process for: trans
Yes it does.
removing /opt/proc/trans*
Creating Daemon process for: trans
Yes it does.
removing /opt/proc/trans*
Creating Daemon process for: trans
Yes it does.
removing /opt/proc/trans*
Creating Daemon process for: trans
Yes it does.
removing /opt/proc/trans*
Creating Daemon process for: trans
Yes it does.
removing /opt/proc/trans*
Creating Daemon process for: trans
Yes it does.
removing /opt/proc/trans*
Creating Daemon process for: trans
Yes it does.
removing /opt/proc/trans*
Creating Daemon process for: trans
Yes it does.
removing /opt/proc/trans*
Creating Daemon process for: trans
Yes it does.
removing /opt/proc/trans*
Creating Daemon process for: trans
Yes it does.
removing /opt/proc/trans*
Creating Daemon process for: trans
Yes it does.
removing /opt/proc/trans*
Creating Daemon process for: trans
Yes it does.
removing /opt/proc/trans*
Creating Daemon process for: trans
Yes it does.
removing /opt/proc/trans*
Creating Daemon process for: trans
Yes it does.
removing /opt/proc/trans*
Creating Daemon process for: trans
Yes it does.
removing /opt/proc/trans*
Creating Daemon process for: trans
Yes it does.
removing /opt/proc/trans*
Creating Daemon process for: trans
Yes it does.
removing /opt/proc/trans*
Creating Daemon process for: trans
Yes it does.
removing /opt/proc/trans*
Creating Daemon process for: trans
Yes it does.
removing /opt/proc/trans*
Creating Daemon process for: trans
Yes it does.
removing /opt/proc/trans*
Creating Daemon process for: trans
Yes it does.
removing /opt/proc/trans*
Creating Daemon process for: trans
Yes it does.
removing /opt/proc/trans*
Creating Daemon process for: trans
Yes it does.
removing /opt/proc/trans*
Creating Daemon process for: trans
Yes it does.
removing /opt/proc/trans*
Creating Daemon process for: trans
Yes it does.
removing /opt/proc/trans*
Creating Daemon process for: trans
Yes it does.
removing /opt/proc/trans*
Creating Daemon process for: trans
Yes it does.
removing /opt/proc/trans*
Creating Daemon process for: trans
Yes it does.
removing /opt/proc/trans*
1
role 1
Creating Daemon process for: trans
Yes it does.
removing /opt/proc/trans*
Creating Daemon process for: trans
Yes it does.
removing /opt/proc/trans*
Creating Daemon process for: trans
Yes it does.
removing /opt/proc/trans*
Creating Daemon process for: trans
Yes it does.
removing /opt/proc/trans*
Creating Daemon process for: trans
Yes it does.
removing /opt/proc/trans*
Creating Daemon process for: trans
Yes it does.
removing /opt/proc/trans*
Creating Daemon process for: trans
Yes it does.
removing /opt/proc/trans*
Creating Daemon process for: trans
Yes it does.
removing /opt/proc/trans*
Creating Daemon process for: trans
Yes it does.
removing /opt/proc/trans*
Creating Daemon process for: trans
Yes it does.
removing /opt/proc/trans*
Creating Daemon process for: trans
Yes it does.
removing /opt/proc/trans*
Creating Daemon process for: trans
Yes it does.
removing /opt/proc/trans*
Creating Daemon process for: trans
Yes it does.
removing /opt/proc/trans*
